<?xml version="1.0" encoding="UTF-8"?>
<!-- Generated by org.testng.reporters.JUnitXMLReporter -->
<testsuite ignored="0" hostname="NAZIRPC" failures="0" tests="3" name="MyTestGroup" time="2.354" errors="0" timestamp="2024-10-31T11:47:10 WIB">
  <testcase classname="TaskRestAssured" name="getAllObjects" time="1.237"/>
  <testcase classname="TaskRestAssured" name="getObjectById" time="1.237"/>
  <testcase classname="TaskRestAssured" name="postObject" time="1.899"/>
</testsuite> <!-- MyTestGroup -->
