<?xml version="1.0" encoding="UTF-8"?>
<testsuite xmlns:xsi="http://www.w3.org/2001/XMLSchema-instance" xsi:noNamespaceSchemaLocation="https://maven.apache.org/surefire/maven-surefire-plugin/xsd/surefire-test-report-3.0.xsd" version="3.0" name="TestSuite" time="2.841" tests="3" errors="0" skipped="0" failures="0">
  <properties>
[...]
</properties>
  <testcase name="getObjectById" classname="TaskRestAssured" time="1.251">
    <system-out><![CDATA[Request method:	GET
Request URI:	https://api.restful-api.dev/objects?id=7
Proxy:			<none>
Request params:	id=7
Query params:	<none>
Form params:	<none>
Path params:	<none>
Headers:		Accept=*/*
Cookies:		<none>
Multiparts:		<none>
Body:			<none>
Request method:	POST
Request URI:	https://api.restful-api.dev/objects
Proxy:			<none>
Request params:	<none>
Query params:	<none>
Form params:	<none>
Path params:	<none>
Headers:		Accept=*/*
				Content-Type=application/json
Cookies:		<none>
Multiparts:		<none>
Body:
{
    "data": {
        "year": 2019,
        "price": 2000.19,
        "CPU model": "AMD Ryzen 5",
        "Hard disk size": "1 TB"
    },
    "name": "Advan Notebook"
}
Response : [
    {
        "id": "7",
        "name": "Apple MacBook Pro 16",
        "data": {
            "year": 2019,
            "price": 1849.99,
            "CPU model": "Intel Core i9",
            "Hard disk size": "1 TB"
        }
    }
]
Response: {
    "id": "ff80818192925da70192e0e7077931b4",
    "name": "Advan Notebook",
    "createdAt": "2024-10-31T04:48:10.105+00:00",
    "data": {
        "year": 2019,
        "price": 2000.19,
        "CPU model": "AMD Ryzen 5",
        "Hard disk size": "1 TB"
    }
}
]]></system-out>
  </testcase>
  <testcase name="getAllObjects" classname="TaskRestAssured" time="1.251"/>
  <testcase name="postObject" classname="TaskRestAssured" time="1.897">
    <system-out><![CDATA[Request method:	DELETE
Request URI:	https://api.restful-api.dev/objects/ff80818192925da70192e0e7077931b4
Proxy:			<none>
Request params:	<none>
Query params:	<none>
Form params:	<none>
Path params:	<none>
Headers:		Accept=*/*
Cookies:		<none>
Multiparts:		<none>
Body:			<none>
Request method:	GET
Request URI:	https://api.restful-api.dev/objects/ff80818192925da70192e0e7077931b4
Proxy:			<none>
Request params:	<none>
Query params:	<none>
Form params:	<none>
Path params:	<none>
Headers:		Accept=*/*
Cookies:		<none>
Multiparts:		<none>
Body:			<none>
]]></system-out>
  </testcase>
</testsuite>